{"total": {"lines":{"total":902,"covered":671,"skipped":0,"pct":74.39},"statements":{"total":1037,"covered":737,"skipped":0,"pct":71.07},"functions":{"total":188,"covered":102,"skipped":0,"pct":54.25},"branches":{"total":808,"covered":456,"skipped":0,"pct":56.43},"branchesTrue":{"total":0,"covered":0,"skipped":0,"pct":100}}
,"/Users/harryhou/Desktop/lifemaxxing-dashboard/src/app/page.tsx": {"lines":{"total":217,"covered":89,"skipped":0,"pct":41.01},"functions":{"total":75,"covered":26,"skipped":0,"pct":34.66},"statements":{"total":259,"covered":96,"skipped":0,"pct":37.06},"branches":{"total":300,"covered":118,"skipped":0,"pct":39.33}}
,"/Users/harryhou/Desktop/lifemaxxing-dashboard/src/app/api/chat/route.ts": {"lines":{"total":4,"covered":4,"skipped":0,"pct":100},"functions":{"total":1,"covered":1,"skipped":0,"pct":100},"statements":{"total":4,"covered":4,"skipped":0,"pct":100},"branches":{"total":0,"covered":0,"skipped":0,"pct":100}}
,"/Users/harryhou/Desktop/lifemaxxing-dashboard/src/app/api/export/route.ts": {"lines":{"total":28,"covered":28,"skipped":0,"pct":100},"functions":{"total":5,"covered":5,"skipped":0,"pct":100},"statements":{"total":32,"covered":31,"skipped":0,"pct":96.87},"branches":{"total":20,"covered":19,"skipped":0,"pct":95}}
,"/Users/harryhou/Desktop/lifemaxxing-dashboard/src/app/api/goals/route.ts": {"lines":{"total":23,"covered":23,"skipped":0,"pct":100},"functions":{"total":4,"covered":3,"skipped":0,"pct":75},"statements":{"total":27,"covered":26,"skipped":0,"pct":96.29},"branches":{"total":22,"covered":20,"skipped":0,"pct":90.9}}
,"/Users/harryhou/Desktop/lifemaxxing-dashboard/src/app/api/log/route.ts": {"lines":{"total":69,"covered":60,"skipped":0,"pct":86.95},"functions":{"total":3,"covered":2,"skipped":0,"pct":66.66},"statements":{"total":72,"covered":61,"skipped":0,"pct":84.72},"branches":{"total":60,"covered":35,"skipped":0,"pct":58.33}}
,"/Users/harryhou/Desktop/lifemaxxing-dashboard/src/app/api/log/commit/route.ts": {"lines":{"total":47,"covered":47,"skipped":0,"pct":100},"functions":{"total":5,"covered":4,"skipped":0,"pct":80},"statements":{"total":50,"covered":49,"skipped":0,"pct":98},"branches":{"total":58,"covered":41,"skipped":0,"pct":70.68}}
,"/Users/harryhou/Desktop/lifemaxxing-dashboard/src/app/api/meals/route.ts": {"lines":{"total":7,"covered":0,"skipped":0,"pct":0},"functions":{"total":1,"covered":0,"skipped":0,"pct":0},"statements":{"total":7,"covered":0,"skipped":0,"pct":0},"branches":{"total":2,"covered":0,"skipped":0,"pct":0}}
,"/Users/harryhou/Desktop/lifemaxxing-dashboard/src/app/api/meals/[id]/route.ts": {"lines":{"total":25,"covered":25,"skipped":0,"pct":100},"functions":{"total":2,"covered":2,"skipped":0,"pct":100},"statements":{"total":31,"covered":27,"skipped":0,"pct":87.09},"branches":{"total":12,"covered":8,"skipped":0,"pct":66.66}}
,"/Users/harryhou/Desktop/lifemaxxing-dashboard/src/app/api/nutrition/route.ts": {"lines":{"total":18,"covered":18,"skipped":0,"pct":100},"functions":{"total":4,"covered":4,"skipped":0,"pct":100},"statements":{"total":18,"covered":18,"skipped":0,"pct":100},"branches":{"total":7,"covered":4,"skipped":0,"pct":57.14}}
,"/Users/harryhou/Desktop/lifemaxxing-dashboard/src/app/api/portfolio/route.ts": {"lines":{"total":45,"covered":42,"skipped":0,"pct":93.33},"functions":{"total":8,"covered":7,"skipped":0,"pct":87.5},"statements":{"total":50,"covered":46,"skipped":0,"pct":92},"branches":{"total":24,"covered":22,"skipped":0,"pct":91.66}}
,"/Users/harryhou/Desktop/lifemaxxing-dashboard/src/app/api/recurring/route.ts": {"lines":{"total":30,"covered":30,"skipped":0,"pct":100},"functions":{"total":5,"covered":5,"skipped":0,"pct":100},"statements":{"total":32,"covered":32,"skipped":0,"pct":100},"branches":{"total":24,"covered":21,"skipped":0,"pct":87.5}}
,"/Users/harryhou/Desktop/lifemaxxing-dashboard/src/app/api/seed/route.ts": {"lines":{"total":24,"covered":24,"skipped":0,"pct":100},"functions":{"total":2,"covered":1,"skipped":0,"pct":50},"statements":{"total":25,"covered":24,"skipped":0,"pct":96},"branches":{"total":12,"covered":10,"skipped":0,"pct":83.33}}
,"/Users/harryhou/Desktop/lifemaxxing-dashboard/src/app/api/stats/route.ts": {"lines":{"total":64,"covered":64,"skipped":0,"pct":100},"functions":{"total":3,"covered":3,"skipped":0,"pct":100},"statements":{"total":73,"covered":69,"skipped":0,"pct":94.52},"branches":{"total":32,"covered":22,"skipped":0,"pct":68.75}}
,"/Users/harryhou/Desktop/lifemaxxing-dashboard/src/app/api/trades/route.ts": {"lines":{"total":6,"covered":0,"skipped":0,"pct":0},"functions":{"total":1,"covered":0,"skipped":0,"pct":0},"statements":{"total":6,"covered":0,"skipped":0,"pct":0},"branches":{"total":2,"covered":0,"skipped":0,"pct":0}}
,"/Users/harryhou/Desktop/lifemaxxing-dashboard/src/app/api/trades/[id]/route.ts": {"lines":{"total":25,"covered":25,"skipped":0,"pct":100},"functions":{"total":2,"covered":2,"skipped":0,"pct":100},"statements":{"total":31,"covered":29,"skipped":0,"pct":93.54},"branches":{"total":12,"covered":9,"skipped":0,"pct":75}}
,"/Users/harryhou/Desktop/lifemaxxing-dashboard/src/app/api/weight/route.ts": {"lines":{"total":15,"covered":15,"skipped":0,"pct":100},"functions":{"total":6,"covered":6,"skipped":0,"pct":100},"statements":{"total":19,"covered":19,"skipped":0,"pct":100},"branches":{"total":22,"covered":13,"skipped":0,"pct":59.09}}
,"/Users/harryhou/Desktop/lifemaxxing-dashboard/src/app/api/weights/route.ts": {"lines":{"total":20,"covered":20,"skipped":0,"pct":100},"functions":{"total":2,"covered":2,"skipped":0,"pct":100},"statements":{"total":24,"covered":24,"skipped":0,"pct":100},"branches":{"total":22,"covered":22,"skipped":0,"pct":100}}
,"/Users/harryhou/Desktop/lifemaxxing-dashboard/src/app/api/weights/[id]/route.ts": {"lines":{"total":25,"covered":25,"skipped":0,"pct":100},"functions":{"total":2,"covered":2,"skipped":0,"pct":100},"statements":{"total":31,"covered":30,"skipped":0,"pct":96.77},"branches":{"total":12,"covered":11,"skipped":0,"pct":91.66}}
,"/Users/harryhou/Desktop/lifemaxxing-dashboard/src/components/EditModal.tsx": {"lines":{"total":75,"covered":14,"skipped":0,"pct":18.66},"functions":{"total":27,"covered":2,"skipped":0,"pct":7.4},"statements":{"total":85,"covered":15,"skipped":0,"pct":17.64},"branches":{"total":66,"covered":7,"skipped":0,"pct":10.6}}
,"/Users/harryhou/Desktop/lifemaxxing-dashboard/src/components/FlipNumber.tsx": {"lines":{"total":25,"covered":25,"skipped":0,"pct":100},"functions":{"total":5,"covered":5,"skipped":0,"pct":100},"statements":{"total":28,"covered":28,"skipped":0,"pct":100},"branches":{"total":20,"covered":17,"skipped":0,"pct":85}}
,"/Users/harryhou/Desktop/lifemaxxing-dashboard/src/lib/db.ts": {"lines":{"total":11,"covered":0,"skipped":0,"pct":0},"functions":{"total":2,"covered":0,"skipped":0,"pct":0},"statements":{"total":13,"covered":0,"skipped":0,"pct":0},"branches":{"total":4,"covered":0,"skipped":0,"pct":0}}
,"/Users/harryhou/Desktop/lifemaxxing-dashboard/src/lib/hermes.ts": {"lines":{"total":43,"covered":38,"skipped":0,"pct":88.37},"functions":{"total":9,"covered":6,"skipped":0,"pct":66.66},"statements":{"total":50,"covered":43,"skipped":0,"pct":86},"branches":{"total":25,"covered":20,"skipped":0,"pct":80}}
,"/Users/harryhou/Desktop/lifemaxxing-dashboard/src/lib/prices.ts": {"lines":{"total":51,"covered":50,"skipped":0,"pct":98.03},"functions":{"total":9,"covered":9,"skipped":0,"pct":100},"statements":{"total":60,"covered":56,"skipped":0,"pct":93.33},"branches":{"total":50,"covered":37,"skipped":0,"pct":74}}
,"/Users/harryhou/Desktop/lifemaxxing-dashboard/src/lib/prompts.ts": {"lines":{"total":5,"covered":5,"skipped":0,"pct":100},"functions":{"total":5,"covered":5,"skipped":0,"pct":100},"statements":{"total":10,"covered":10,"skipped":0,"pct":100},"branches":{"total":0,"covered":0,"skipped":0,"pct":100}}
}
